# JRE version: Java(TM) SE Runtime Environment (7.0_79-b15) (build 1.7.0_79-b15)
# Java VM: Java HotSpot(TM) 64-Bit Server VM (24.79-b02 mixed mode windows-amd64 compressed oops)
Heap
 PSYoungGen      total 50688K, used 50528K [0x00000000ead00000, 0x00000000ee280000, 0x0000000100000000)
  eden space 50176K, 100% used [0x00000000ead00000,0x00000000ede00000,0x00000000ede00000)
  from space 512K, 68% used [0x00000000ee200000,0x00000000ee258000,0x00000000ee280000)
  to   space 512K, 43% used [0x00000000ee180000,0x00000000ee1b8000,0x00000000ee200000)
 ParOldGen       total 43008K, used 9982K [0x00000000c0800000, 0x00000000c3200000, 0x00000000ead00000)
  object space 43008K, 23% used [0x00000000c0800000,0x00000000c11bfb78,0x00000000c3200000)
 PSPermGen       total 21504K, used 16863K [0x00000000bb600000, 0x00000000bcb00000, 0x00000000c0800000)
  object space 21504K, 78% used [0x00000000bb600000,0x00000000bc677f50,0x00000000bcb00000)
GC Heap History (10 events):
Event: 660.452 GC heap after
Heap after GC invocations=80 (full 0):
 PSYoungGen      total 31232K, used 224K [0x00000000ead00000, 0x00000000ee080000, 0x0000000100000000)
  eden space 30720K, 0% used [0x00000000ead00000,0x00000000ead00000,0x00000000ecb00000)
  from space 512K, 43% used [0x00000000ee000000,0x00000000ee038000,0x00000000ee080000)
  to   space 512K, 0% used [0x00000000edf80000,0x00000000edf80000,0x00000000ee000000)
 ParOldGen       total 43008K, used 9982K [0x00000000c0800000, 0x00000000c3200000, 0x00000000ead00000)
  object space 43008K, 23% used [0x00000000c0800000,0x00000000c11bfb78,0x00000000c3200000)
 PSPermGen       total 21504K, used 16863K [0x00000000bb600000, 0x00000000bcb00000, 0x00000000c0800000)
  object space 21504K, 78% used [0x00000000bb600000,0x00000000bc677f50,0x00000000bcb00000)
}
Event: 665.633 GC heap before
{Heap before GC invocations=81 (full 0):
 PSYoungGen      total 31232K, used 30944K [0x00000000ead00000, 0x00000000ee080000, 0x0000000100000000)
  eden space 30720K, 100% used [0x00000000ead00000,0x00000000ecb00000,0x00000000ecb00000)
  from space 512K, 43% used [0x00000000ee000000,0x00000000ee038000,0x00000000ee080000)
  to   space 512K, 0% used [0x00000000edf80000,0x00000000edf80000,0x00000000ee000000)
 ParOldGen       total 43008K, used 9982K [0x00000000c0800000, 0x00000000c3200000, 0x00000000ead00000)
  object space 43008K, 23% used [0x00000000c0800000,0x00000000c11bfb78,0x00000000c3200000)
 PSPermGen       total 21504K, used 16863K [0x00000000bb600000, 0x00000000bcb00000, 0x00000000c0800000)
  object space 21504K, 78% used [0x00000000bb600000,0x00000000bc677f50,0x00000000bcb00000)
Event: 665.858 GC heap after
Heap after GC invocations=81 (full 0):
 PSYoungGen      total 37376K, used 256K [0x00000000ead00000, 0x00000000ee080000, 0x0000000100000000)
  eden space 36864K, 0% used [0x00000000ead00000,0x00000000ead00000,0x00000000ed100000)
  from space 512K, 50% used [0x00000000edf80000,0x00000000edfc0000,0x00000000ee000000)
  to   space 512K, 0% used [0x00000000ee000000,0x00000000ee000000,0x00000000ee080000)
 ParOldGen       total 43008K, used 9982K [0x00000000c0800000, 0x00000000c3200000, 0x00000000ead00000)
  object space 43008K, 23% used [0x00000000c0800000,0x00000000c11bfb78,0x00000000c3200000)
 PSPermGen       total 21504K, used 16863K [0x00000000bb600000, 0x00000000bcb00000, 0x00000000c0800000)
  object space 21504K, 78% used [0x00000000bb600000,0x00000000bc677f50,0x00000000bcb00000)
}
Event: 671.786 GC heap before
{Heap before GC invocations=82 (full 0):
 PSYoungGen      total 37376K, used 37120K [0x00000000ead00000, 0x00000000ee080000, 0x0000000100000000)
  eden space 36864K, 100% used [0x00000000ead00000,0x00000000ed100000,0x00000000ed100000)
  from space 512K, 50% used [0x00000000edf80000,0x00000000edfc0000,0x00000000ee000000)
  to   space 512K, 0% used [0x00000000ee000000,0x00000000ee000000,0x00000000ee080000)
 ParOldGen       total 43008K, used 9982K [0x00000000c0800000, 0x00000000c3200000, 0x00000000ead00000)
  object space 43008K, 23% used [0x00000000c0800000,0x00000000c11bfb78,0x00000000c3200000)
 PSPermGen       total 21504K, used 16863K [0x00000000bb600000, 0x00000000bcb00000, 0x00000000c0800000)
  object space 21504K, 78% used [0x00000000bb600000,0x00000000bc677f50,0x00000000bcb00000)
Event: 671.844 GC heap after
Heap after GC invocations=82 (full 0):
 PSYoungGen      total 45056K, used 256K [0x00000000ead00000, 0x00000000ee080000, 0x0000000100000000)
  eden space 44544K, 0% used [0x00000000ead00000,0x00000000ead00000,0x00000000ed880000)
  from space 512K, 50% used [0x00000000ee000000,0x00000000ee040000,0x00000000ee080000)
  to   space 512K, 0% used [0x00000000edf80000,0x00000000edf80000,0x00000000ee000000)
 ParOldGen       total 43008K, used 9982K [0x00000000c0800000, 0x00000000c3200000, 0x00000000ead00000)
  object space 43008K, 23% used [0x00000000c0800000,0x00000000c11bfb78,0x00000000c3200000)
 PSPermGen       total 21504K, used 16863K [0x00000000bb600000, 0x00000000bcb00000, 0x00000000c0800000)
  object space 21504K, 78% used [0x00000000bb600000,0x00000000bc677f50,0x00000000bcb00000)
}
Event: 678.434 GC heap before
{Heap before GC invocations=83 (full 0):
 PSYoungGen      total 45056K, used 44800K [0x00000000ead00000, 0x00000000ee080000, 0x0000000100000000)
  eden space 44544K, 100% used [0x00000000ead00000,0x00000000ed880000,0x00000000ed880000)
  from space 512K, 50% used [0x00000000ee000000,0x00000000ee040000,0x00000000ee080000)
  to   space 512K, 0% used [0x00000000edf80000,0x00000000edf80000,0x00000000ee000000)
 ParOldGen       total 43008K, used 9982K [0x00000000c0800000, 0x00000000c3200000, 0x00000000ead00000)
  object space 43008K, 23% used [0x00000000c0800000,0x00000000c11bfb78,0x00000000c3200000)
 PSPermGen       total 21504K, used 16863K [0x00000000bb600000, 0x00000000bcb00000, 0x00000000c0800000)
  object space 21504K, 78% used [0x00000000bb600000,0x00000000bc677f50,0x00000000bcb00000)
Event: 678.438 GC heap after
Heap after GC invocations=83 (full 0):
 PSYoungGen      total 52224K, used 320K [0x00000000ead00000, 0x00000000ee280000, 0x0000000100000000)
  eden space 51712K, 0% used [0x00000000ead00000,0x00000000ead00000,0x00000000edf80000)
  from space 512K, 62% used [0x00000000edf80000,0x00000000edfd0000,0x00000000ee000000)
  to   space 512K, 0% used [0x00000000ee200000,0x00000000ee200000,0x00000000ee280000)
 ParOldGen       total 43008K, used 9982K [0x00000000c0800000, 0x00000000c3200000, 0x00000000ead00000)
  object space 43008K, 23% used [0x00000000c0800000,0x00000000c11bfb78,0x00000000c3200000)
 PSPermGen       total 21504K, used 16863K [0x00000000bb600000, 0x00000000bcb00000, 0x00000000c0800000)
  object space 21504K, 78% used [0x00000000bb600000,0x00000000bc677f50,0x00000000bcb00000)
}
Event: 685.773 GC heap before
{Heap before GC invocations=84 (full 0):
 PSYoungGen      total 52224K, used 52032K [0x00000000ead00000, 0x00000000ee280000, 0x0000000100000000)
  eden space 51712K, 100% used [0x00000000ead00000,0x00000000edf80000,0x00000000edf80000)
  from space 512K, 62% used [0x00000000edf80000,0x00000000edfd0000,0x00000000ee000000)
  to   space 512K, 0% used [0x00000000ee200000,0x00000000ee200000,0x00000000ee280000)
 ParOldGen       total 43008K, used 9982K [0x00000000c0800000, 0x00000000c3200000, 0x00000000ead00000)
  object space 43008K, 23% used [0x00000000c0800000,0x00000000c11bfb78,0x00000000c3200000)
 PSPermGen       total 21504K, used 16863K [0x00000000bb600000, 0x00000000bcb00000, 0x00000000c0800000)
  object space 21504K, 78% used [0x00000000bb600000,0x00000000bc677f50,0x00000000bcb00000)
Event: 685.778 GC heap after
Heap after GC invocations=84 (full 0):
 PSYoungGen      total 50688K, used 352K [0x00000000ead00000, 0x00000000ee280000, 0x0000000100000000)
  eden space 50176K, 0% used [0x00000000ead00000,0x00000000ead00000,0x00000000ede00000)
  from space 512K, 68% used [0x00000000ee200000,0x00000000ee258000,0x00000000ee280000)
  to   space 512K, 0% used [0x00000000ee180000,0x00000000ee180000,0x00000000ee200000)
 ParOldGen       total 43008K, used 9982K [0x00000000c0800000, 0x00000000c3200000, 0x00000000ead00000)
  object space 43008K, 23% used [0x00000000c0800000,0x00000000c11bfb78,0x00000000c3200000)
 PSPermGen       total 21504K, used 16863K [0x00000000bb600000, 0x00000000bcb00000, 0x00000000c0800000)
  object space 21504K, 78% used [0x00000000bb600000,0x00000000bc677f50,0x00000000bcb00000)
}
Event: 693.687 GC heap before
{Heap before GC invocations=85 (full 0):
 PSYoungGen      total 50688K, used 50528K [0x00000000ead00000, 0x00000000ee280000, 0x0000000100000000)
  eden space 50176K, 100% used [0x00000000ead00000,0x00000000ede00000,0x00000000ede00000)
  from space 512K, 68% used [0x00000000ee200000,0x00000000ee258000,0x00000000ee280000)
  to   space 512K, 0% used [0x00000000ee180000,0x00000000ee180000,0x00000000ee200000)
 ParOldGen       total 43008K, used 9982K [0x00000000c0800000, 0x00000000c3200000, 0x00000000ead00000)
  object space 43008K, 23% used [0x00000000c0800000,0x00000000c11bfb78,0x00000000c3200000)
 PSPermGen       total 21504K, used 16863K [0x00000000bb600000, 0x00000000bcb00000, 0x00000000c0800000)
  object space 21504K, 78% used [0x00000000bb600000,0x00000000bc677f50,0x00000000bcb00000)

